<?xml version="1.0" encoding="UTF-8"?>
<testng-results skipped="0" failed="0" ignored="0" total="1" passed="1">
  <reporter-output>
  </reporter-output>
  <suite name="Default suite" duration-ms="48936" started-at="2017-11-20T17:15:34Z" finished-at="2017-11-20T17:16:23Z">
    <groups>
    </groups>
    <test name="Default test" duration-ms="48936" started-at="2017-11-20T17:15:34Z" finished-at="2017-11-20T17:16:23Z">
      <class name="DriverScript.Driver">
        <test-method status="PASS" signature="excuteTest()[pri:0, instance:DriverScript.Driver@61832929]" name="excuteTest" duration-ms="48754" started-at="2017-11-20T22:45:34Z" finished-at="2017-11-20T22:46:23Z">
          <reporter-output>
          </reporter-output>
        </test-method> <!-- excuteTest -->
      </class> <!-- DriverScript.Driver -->
    </test> <!-- Default test -->
  </suite> <!-- Default suite -->
</testng-results>
